#
# There is insufficient memory for the Java Runtime Environment to continue.
# Native memory allocation (malloc) failed to allocate 344272 bytes. Error detail: Chunk::new
# Possible reasons:
#   The system is out of physical RAM or swap space
#   This process is running with CompressedOops enabled, and the Java Heap may be blocking the growth of the native heap
# Possible solutions:
#   Reduce memory load on the system
#   Increase physical memory or swap space
#   Check if swap backing store is full
#   Decrease Java heap size (-Xmx/-Xms)
#   Decrease number of Java threads
#   Decrease Java thread stack sizes (-Xss)
#   Set larger code cache with -XX:ReservedCodeCacheSize=
#   JVM is running with Unscaled Compressed Oops mode in which the Java heap is
#     placed in the first 4GB address space. The Java Heap base address is the
#     maximum limit for the native heap growth. Please use -XX:HeapBaseMinAddress
#     to set the Java Heap base and to place the Java Heap above 4GB virtual address.
# This output file may be truncated or incomplete.
#
#  Out of Memory Error (arena.cpp:168), pid=24080, tid=11268
#
# JRE version: OpenJDK Runtime Environment Temurin-21.0.5+11 (21.0.5+11) (build 21.0.5+11-LTS)
# Java VM: OpenJDK 64-Bit Server VM Temurin-21.0.5+11 (21.0.5+11-LTS, mixed mode, sharing, tiered, compressed oops, compressed class ptrs, parallel gc, windows-amd64)
# No core dump will be written. Minidumps are not enabled by default on client versions of Windows
#

---------------  S U M M A R Y ------------

Command Line: --add-modules=ALL-SYSTEM --add-opens=java.base/java.util=ALL-UNNAMED --add-opens=java.base/java.lang=ALL-UNNAMED --add-opens=java.base/sun.nio.fs=ALL-UNNAMED -Declipse.application=org.eclipse.jdt.ls.core.id1 -Dosgi.bundles.defaultStartLevel=4 -Declipse.product=org.eclipse.jdt.ls.core.product -Djava.import.generatesMetadataFilesAtProjectRoot=false -DDetectVMInstallationsJob.disabled=true -Dfile.encoding=utf8 -XX:+UseParallelGC -XX:GCTimeRatio=4 -XX:AdaptiveSizePolicyWeight=90 -Dsun.zip.disableMemoryMapping=true -Xmx1G -Xms100m -Xlog:disable -javaagent:c:\Users\Admin\.vscode\extensions\redhat.java-1.39.0-win32-x64\lombok\lombok-1.18.34.jar c:\Users\Admin\.vscode\extensions\redhat.java-1.39.0-win32-x64\server\plugins\org.eclipse.equinox.launcher_1.6.900.v20240613-2009.jar -configuration c:\Users\Admin\AppData\Roaming\Code\User\globalStorage\redhat.java\1.39.0\config_ss_win -data c:\Users\Admin\AppData\Roaming\Code\User\workspaceStorage\9a498522267c49f11542598aa7f88442\redhat.java\ss_ws --pipe=\\.\pipe\lsp-6100fdae68f07a14c367123a744caf36-sock

Host: 11th Gen Intel(R) Core(TM) i3-1115G4 @ 3.00GHz, 4 cores, 7G,  Windows 11 , 64 bit Build 22621 (10.0.22621.4830)
Time: Wed Feb 26 22:46:38 2025 SE Asia Standard Time elapsed time: 4.152734 seconds (0d 0h 0m 4s)

---------------  T H R E A D  ---------------

Current thread (0x000001d09aea4e40):  JavaThread "C2 CompilerThread0" daemon [_thread_in_native, id=11268, stack(0x0000001907000000,0x0000001907100000) (1024K)]


Current CompileTask:
C2:4152 1527       4       lombok.patcher.PatchScript::classMatches (41 bytes)

Stack: [0x0000001907000000,0x0000001907100000]
Native frames: (J=compiled Java code, j=interpreted, Vv=VM code, C=native code)
V  [jvm.dll+0x6cd4e9]
V  [jvm.dll+0x8a7941]
V  [jvm.dll+0x8a9e6e]
V  [jvm.dll+0x8aa543]
V  [jvm.dll+0x27f6d6]
V  [jvm.dll+0xc500d]
V  [jvm.dll+0xc5543]
V  [jvm.dll+0x3b660c]
V  [jvm.dll+0x382835]
V  [jvm.dll+0x381c9a]
V  [jvm.dll+0x2479d0]
V  [jvm.dll+0x246faf]
V  [jvm.dll+0x1c75ce]
V  [jvm.dll+0x25682a]
V  [jvm.dll+0x254dca]
V  [jvm.dll+0x3f00d6]
V  [jvm.dll+0x8514fb]
V  [jvm.dll+0x6cbbed]
C  [ucrtbase.dll+0x29333]
C  [KERNEL32.DLL+0x1259d]
C  [ntdll.dll+0x5af38]


---------------  P R O C E S S  ---------------

Threads class SMR info:
_java_thread_list=0x000001d0e127d1c0, length=11, elements={
0x000001d086a0e560, 0x000001d09ae998c0, 0x000001d09ae9c130, 0x000001d09ae9e4c0,
0x000001d09ae9f4c0, 0x000001d09aea23d0, 0x000001d09aea3f20, 0x000001d09aea4e40,
0x000001d09aed7c90, 0x000001d0e104ad90, 0x000001d0e126af30
}

Java Threads: ( => current thread )
  0x000001d086a0e560 JavaThread "main"                              [_thread_in_vm, id=12396, stack(0x0000001906600000,0x0000001906700000) (1024K)]
  0x000001d09ae998c0 JavaThread "Reference Handler"          daemon [_thread_blocked, id=504, stack(0x0000001906a00000,0x0000001906b00000) (1024K)]
  0x000001d09ae9c130 JavaThread "Finalizer"                  daemon [_thread_blocked, id=12464, stack(0x0000001906b00000,0x0000001906c00000) (1024K)]
  0x000001d09ae9e4c0 JavaThread "Signal Dispatcher"          daemon [_thread_blocked, id=9732, stack(0x0000001906c00000,0x0000001906d00000) (1024K)]
  0x000001d09ae9f4c0 JavaThread "Attach Listener"            daemon [_thread_blocked, id=18820, stack(0x0000001906d00000,0x0000001906e00000) (1024K)]
  0x000001d09aea23d0 JavaThread "Service Thread"             daemon [_thread_blocked, id=21156, stack(0x0000001906e00000,0x0000001906f00000) (1024K)]
  0x000001d09aea3f20 JavaThread "Monitor Deflation Thread"   daemon [_thread_blocked, id=21728, stack(0x0000001906f00000,0x0000001907000000) (1024K)]
=>0x000001d09aea4e40 JavaThread "C2 CompilerThread0"         daemon [_thread_in_native, id=11268, stack(0x0000001907000000,0x0000001907100000) (1024K)]
  0x000001d09aed7c90 JavaThread "C1 CompilerThread0"         daemon [_thread_blocked, id=11568, stack(0x0000001907100000,0x0000001907200000) (1024K)]
  0x000001d0e104ad90 JavaThread "Common-Cleaner"             daemon [_thread_blocked, id=16720, stack(0x0000001907200000,0x0000001907300000) (1024K)]
  0x000001d0e126af30 JavaThread "Notification Thread"        daemon [_thread_blocked, id=12756, stack(0x0000001907300000,0x0000001907400000) (1024K)]
Total: 11

Other Threads:
  0x000001d086acca70 VMThread "VM Thread"                           [id=10544, stack(0x0000001906900000,0x0000001906a00000) (1024K)]
  0x000001d086a773a0 WatcherThread "VM Periodic Task Thread"        [id=22552, stack(0x0000001906800000,0x0000001906900000) (1024K)]
  0x000001d086a2bb20 WorkerThread "GC Thread#0"                     [id=21180, stack(0x0000001906700000,0x0000001906800000) (1024K)]
  0x000001d0e12d9930 WorkerThread "GC Thread#1"                     [id=6064, stack(0x0000001907400000,0x0000001907500000) (1024K)]
  0x000001d0e12db290 WorkerThread "GC Thread#2"                     [id=6720, stack(0x0000001907500000,0x0000001907600000) (1024K)]
  0x000001d0e12dab50 WorkerThread "GC Thread#3"                     [id=15884, stack(0x0000001907600000,0x0000001907700000) (1024K)]
Total: 6

Threads with active compile tasks:
C2 CompilerThread0  4299 1527       4       lombok.patcher.PatchScript::classMatches (41 bytes)
Total: 1

VM state: not at safepoint (normal execution)

VM Mutex/Monitor currently owned by a thread:  ([mutex/lock_event])
[0x00007ffab55fb300] Metaspace_lock - owner thread: 0x000001d086a0e560

Heap address: 0x00000000c0000000, size: 1024 MB, Compressed Oops mode: 32-bit

CDS archive(s) mapped at: [0x000001d09b000000-0x000001d09bba0000-0x000001d09bba0000), size 12189696, SharedBaseAddress: 0x000001d09b000000, ArchiveRelocationMode: 1.
Compressed class space mapped at: 0x000001d09c000000-0x000001d0dc000000, reserved size: 1073741824
Narrow klass base: 0x000001d09b000000, Narrow klass shift: 0, Narrow klass range: 0x100000000

GC Precious Log:
 CardTable entry size: 512
 CPUs: 4 total, 4 available
 Memory: 7886M
 Large Page Support: Disabled
 NUMA Support: Disabled
 Compressed Oops: Enabled (32-bit)
 Alignments: Space 512K, Generation 512K, Heap 2M
 Heap Min Capacity: 100M
 Heap Initial Capacity: 100M
 Heap Max Capacity: 1G
 Pre-touch: Disabled
 Parallel Workers: 4

Heap:
 PSYoungGen      total 29696K, used 17553K [0x00000000eab00000, 0x00000000ecc00000, 0x0000000100000000)
  eden space 25600K, 56% used [0x00000000eab00000,0x00000000eb906d40,0x00000000ec400000)
  from space 4096K, 77% used [0x00000000ec400000,0x00000000ec71d860,0x00000000ec800000)
  to   space 4096K, 0% used [0x00000000ec800000,0x00000000ec800000,0x00000000ecc00000)
 ParOldGen       total 68608K, used 0K [0x00000000c0000000, 0x00000000c4300000, 0x00000000eab00000)
  object space 68608K, 0% used [0x00000000c0000000,0x00000000c0000000,0x00000000c4300000)
 Metaspace       used 6635K, committed 6848K, reserved 1114112K
  class space    used 624K, committed 704K, reserved 1048576K

Card table byte_map: [0x000001d0863e0000,0x000001d0865f0000] _byte_map_base: 0x000001d085de0000

Marking Bits: (ParMarkBitMap*) 0x00007ffab5602250
 Begin Bits: [0x000001d098d60000, 0x000001d099d60000)
 End Bits:   [0x000001d099d60000, 0x000001d09ad60000)

Polling page: 0x000001d0861d0000

Metaspace:

Usage:
  Non-class:      5.87 MB used.
      Class:    624.58 KB used.
       Both:      6.48 MB used.

Virtual space:
  Non-class space:       64.00 MB reserved,       6.00 MB (  9%) committed,  1 nodes.
      Class space:        1.00 GB reserved,     704.00 KB ( <1%) committed,  1 nodes.
             Both:        1.06 GB reserved,       6.69 MB ( <1%) committed. 

Chunk freelists:
   Non-Class:  9.61 MB
       Class:  15.32 MB
        Both:  24.93 MB

MaxMetaspaceSize: unlimited
CompressedClassSpaceSize: 1.00 GB
Initial GC threshold: 21.00 MB
Current GC threshold: 21.00 MB
CDS: on
 - commit_granule_bytes: 65536.
 - commit_granule_words: 8192.
 - virtual_space_node_default_size: 8388608.
 - enlarge_chunks_in_place: 1.
 - use_allocation_guard: 0.


Internal statistics:

num_allocs_failed_limit: 0.
num_arena_births: 162.
num_arena_deaths: 0.
num_vsnodes_births: 2.
num_vsnodes_deaths: 0.
num_space_committed: 107.
num_space_uncommitted: 0.
num_chunks_returned_to_freelist: 0.
num_chunks_taken_from_freelist: 287.
num_chunk_merges: 0.
num_chunk_splits: 201.
num_chunks_enlarged: 143.
num_inconsistent_stats: 0.

CodeHeap 'non-profiled nmethods': size=120000Kb used=619Kb max_used=619Kb free=119380Kb
 bounds [0x000001d091830000, 0x000001d091aa0000, 0x000001d098d60000]
CodeHeap 'profiled nmethods': size=120000Kb used=2687Kb max_used=2687Kb free=117313Kb
 bounds [0x000001d089d60000, 0x000001d08a000000, 0x000001d091290000]
CodeHeap 'non-nmethods': size=5760Kb used=1215Kb max_used=1236Kb free=4544Kb
 bounds [0x000001d091290000, 0x000001d091500000, 0x000001d091830000]
 total_blobs=1995 nmethods=1525 adapters=377
 compilation: enabled
              stopped_count=0, restarted_count=0
 full_count=0

Compilation events (20 events):
Event: 4.091 Thread 0x000001d09aea4e40 nmethod 1513 0x000001d0918ca810 code [0x000001d0918ca9c0, 0x000001d0918cab38]
Event: 4.094 Thread 0x000001d09aed7c90 1518       3       java.security.AccessController::checkContext (49 bytes)
Event: 4.094 Thread 0x000001d09aed7c90 nmethod 1518 0x000001d089ff9b10 code [0x000001d089ff9cc0, 0x000001d089ff9e98]
Event: 4.094 Thread 0x000001d09aed7c90 1519       3       java.util.jar.JarVerifier::beginEntry (229 bytes)
Event: 4.096 Thread 0x000001d09aed7c90 nmethod 1519 0x000001d089ff9f90 code [0x000001d089ffa400, 0x000001d089ffbeb0]
Event: 4.096 Thread 0x000001d09aed7c90 1520       3       jdk.internal.loader.URLClassPath$JarLoader$2::<init> (31 bytes)
Event: 4.096 Thread 0x000001d09aed7c90 nmethod 1520 0x000001d089ffc810 code [0x000001d089ffc9c0, 0x000001d089ffcbe8]
Event: 4.096 Thread 0x000001d09aed7c90 1521       3       jdk.internal.loader.Resource::<init> (5 bytes)
Event: 4.096 Thread 0x000001d09aed7c90 nmethod 1521 0x000001d089ffcd10 code [0x000001d089ffcec0, 0x000001d089ffd028]
Event: 4.097 Thread 0x000001d09aed7c90 1522       3       java.util.jar.JarFile::getManifest (5 bytes)
Event: 4.097 Thread 0x000001d09aed7c90 nmethod 1522 0x000001d089ffd110 code [0x000001d089ffd2c0, 0x000001d089ffd3f8]
Event: 4.098 Thread 0x000001d09aed7c90 1523       3       jdk.internal.loader.URLClassPath::getResource (74 bytes)
Event: 4.098 Thread 0x000001d09aed7c90 nmethod 1523 0x000001d089ffd490 code [0x000001d089ffd660, 0x000001d089ffd9b8]
Event: 4.098 Thread 0x000001d09aed7c90 1524       3       java.util.zip.ZipFile$ZipFileInputStream::initDataOffset (117 bytes)
Event: 4.099 Thread 0x000001d09aea4e40 1527       4       lombok.patcher.PatchScript::classMatches (41 bytes)
Event: 4.099 Thread 0x000001d09aed7c90 nmethod 1524 0x000001d089ffdb10 code [0x000001d089ffdd40, 0x000001d089ffe568]
Event: 4.099 Thread 0x000001d09aed7c90 1525   !   3       java.util.zip.ZipFile$Source::readAt (39 bytes)
Event: 4.099 Thread 0x000001d09aed7c90 nmethod 1525 0x000001d089ffe890 code [0x000001d089ffea60, 0x000001d089ffed80]
Event: 4.099 Thread 0x000001d09aed7c90 1526       3       sun.security.util.ManifestEntryVerifier::<init> (65 bytes)
Event: 4.099 Thread 0x000001d09aed7c90 nmethod 1526 0x000001d089fff010 code [0x000001d089fff240, 0x000001d089fff970]

GC Heap History (2 events):
Event: 2.494 GC heap before
{Heap before GC invocations=1 (full 0):
 PSYoungGen      total 29696K, used 25600K [0x00000000eab00000, 0x00000000ecc00000, 0x0000000100000000)
  eden space 25600K, 100% used [0x00000000eab00000,0x00000000ec400000,0x00000000ec400000)
  from space 4096K, 0% used [0x00000000ec800000,0x00000000ec800000,0x00000000ecc00000)
  to   space 4096K, 0% used [0x00000000ec400000,0x00000000ec400000,0x00000000ec800000)
 ParOldGen       total 68608K, used 0K [0x00000000c0000000, 0x00000000c4300000, 0x00000000eab00000)
  object space 68608K, 0% used [0x00000000c0000000,0x00000000c0000000,0x00000000c4300000)
 Metaspace       used 4378K, committed 4608K, reserved 1114112K
  class space    used 439K, committed 512K, reserved 1048576K
}
Event: 2.545 GC heap after
{Heap after GC invocations=1 (full 0):
 PSYoungGen      total 29696K, used 3190K [0x00000000eab00000, 0x00000000ecc00000, 0x0000000100000000)
  eden space 25600K, 0% used [0x00000000eab00000,0x00000000eab00000,0x00000000ec400000)
  from space 4096K, 77% used [0x00000000ec400000,0x00000000ec71d860,0x00000000ec800000)
  to   space 4096K, 0% used [0x00000000ec800000,0x00000000ec800000,0x00000000ecc00000)
 ParOldGen       total 68608K, used 0K [0x00000000c0000000, 0x00000000c4300000, 0x00000000eab00000)
  object space 68608K, 0% used [0x00000000c0000000,0x00000000c0000000,0x00000000c4300000)
 Metaspace       used 4378K, committed 4608K, reserved 1114112K
  class space    used 439K, committed 512K, reserved 1048576K
}

Dll operation events (8 events):
Event: 0.045 Loaded shared library c:\Users\Admin\.vscode\extensions\redhat.java-1.39.0-win32-x64\jre\21.0.5-win32-x86_64\bin\java.dll
Event: 0.083 Loaded shared library c:\Users\Admin\.vscode\extensions\redhat.java-1.39.0-win32-x64\jre\21.0.5-win32-x86_64\bin\zip.dll
Event: 0.167 Loaded shared library C:\Users\Admin\.vscode\extensions\redhat.java-1.39.0-win32-x64\jre\21.0.5-win32-x86_64\bin\instrument.dll
Event: 0.175 Loaded shared library C:\Users\Admin\.vscode\extensions\redhat.java-1.39.0-win32-x64\jre\21.0.5-win32-x86_64\bin\net.dll
Event: 0.179 Loaded shared library C:\Users\Admin\.vscode\extensions\redhat.java-1.39.0-win32-x64\jre\21.0.5-win32-x86_64\bin\nio.dll
Event: 0.182 Loaded shared library C:\Users\Admin\.vscode\extensions\redhat.java-1.39.0-win32-x64\jre\21.0.5-win32-x86_64\bin\zip.dll
Event: 0.225 Loaded shared library C:\Users\Admin\.vscode\extensions\redhat.java-1.39.0-win32-x64\jre\21.0.5-win32-x86_64\bin\jimage.dll
Event: 0.348 Loaded shared library c:\Users\Admin\.vscode\extensions\redhat.java-1.39.0-win32-x64\jre\21.0.5-win32-x86_64\bin\verify.dll

Deoptimization events (20 events):
Event: 3.545 Thread 0x000001d086a0e560 DEOPT PACKING pc=0x000001d089e0b80d sp=0x00000019066f7a70
Event: 3.545 Thread 0x000001d086a0e560 DEOPT UNPACKING pc=0x000001d0912e78e2 sp=0x00000019066f6f20 mode 0
Event: 3.561 Thread 0x000001d086a0e560 DEOPT PACKING pc=0x000001d089e0b80d sp=0x00000019066f3c60
Event: 3.561 Thread 0x000001d086a0e560 DEOPT UNPACKING pc=0x000001d0912e78e2 sp=0x00000019066f3110 mode 0
Event: 3.570 Thread 0x000001d086a0e560 Uncommon trap: trap_request=0xffffffc6 fr.pc=0x000001d091869650 relative=0x0000000000000290
Event: 3.570 Thread 0x000001d086a0e560 Uncommon trap: reason=bimorphic_or_optimized_type_check action=maybe_recompile pc=0x000001d091869650 method=java.util.Collections$UnmodifiableCollection$1.next()Ljava/lang/Object; @ 4 c2
Event: 3.570 Thread 0x000001d086a0e560 DEOPT PACKING pc=0x000001d091869650 sp=0x00000019066f81f0
Event: 3.570 Thread 0x000001d086a0e560 DEOPT UNPACKING pc=0x000001d0912e6da2 sp=0x00000019066f81a0 mode 2
Event: 3.570 Thread 0x000001d086a0e560 Uncommon trap: trap_request=0xffffffc6 fr.pc=0x000001d091869650 relative=0x0000000000000290
Event: 3.570 Thread 0x000001d086a0e560 Uncommon trap: reason=bimorphic_or_optimized_type_check action=maybe_recompile pc=0x000001d091869650 method=java.util.Collections$UnmodifiableCollection$1.next()Ljava/lang/Object; @ 4 c2
Event: 3.570 Thread 0x000001d086a0e560 DEOPT PACKING pc=0x000001d091869650 sp=0x00000019066f81f0
Event: 3.570 Thread 0x000001d086a0e560 DEOPT UNPACKING pc=0x000001d0912e6da2 sp=0x00000019066f81a0 mode 2
Event: 4.089 Thread 0x000001d086a0e560 Uncommon trap: trap_request=0xffffff45 fr.pc=0x000001d0918ae44c relative=0x00000000000000ac
Event: 4.089 Thread 0x000001d086a0e560 Uncommon trap: reason=unstable_if action=reinterpret pc=0x000001d0918ae44c method=java.util.concurrent.locks.ReentrantLock$NonfairSync.initialTryLock()Z @ 10 c2
Event: 4.089 Thread 0x000001d086a0e560 DEOPT PACKING pc=0x000001d0918ae44c sp=0x00000019066fe680
Event: 4.089 Thread 0x000001d086a0e560 DEOPT UNPACKING pc=0x000001d0912e6da2 sp=0x00000019066fe610 mode 2
Event: 4.090 Thread 0x000001d086a0e560 Uncommon trap: trap_request=0xffffff45 fr.pc=0x000001d0918ae0b4 relative=0x0000000000000094
Event: 4.090 Thread 0x000001d086a0e560 Uncommon trap: reason=unstable_if action=reinterpret pc=0x000001d0918ae0b4 method=java.util.concurrent.locks.ReentrantLock$Sync.tryRelease(I)Z @ 26 c2
Event: 4.090 Thread 0x000001d086a0e560 DEOPT PACKING pc=0x000001d0918ae0b4 sp=0x00000019066fe750
Event: 4.090 Thread 0x000001d086a0e560 DEOPT UNPACKING pc=0x000001d0912e6da2 sp=0x00000019066fe6d0 mode 2

Classes loaded (20 events):
Event: 3.735 Loading class java/util/Collections$UnmodifiableMap$UnmodifiableEntrySet$1 done
Event: 3.735 Loading class java/util/Collections$UnmodifiableMap$UnmodifiableEntrySet$UnmodifiableEntry
Event: 3.735 Loading class java/util/Collections$UnmodifiableMap$UnmodifiableEntrySet$UnmodifiableEntry done
Event: 3.818 Loading class java/lang/reflect/TypeVariable
Event: 3.818 Loading class java/lang/reflect/TypeVariable done
Event: 3.818 Loading class java/lang/reflect/AnnotatedType
Event: 4.047 Loading class java/lang/reflect/AnnotatedType done
Event: 4.064 Loading class java/util/ArrayList$SubList$1
Event: 4.064 Loading class java/util/ArrayList$SubList$1 done
Event: 4.099 Loading class java/util/concurrent/Executors
Event: 4.099 Loading class java/util/concurrent/Executors done
Event: 4.099 Loading class java/util/concurrent/ScheduledThreadPoolExecutor
Event: 4.099 Loading class java/util/concurrent/ScheduledExecutorService
Event: 4.099 Loading class java/util/concurrent/ScheduledExecutorService done
Event: 4.100 Loading class java/util/concurrent/ThreadPoolExecutor
Event: 4.103 Loading class java/util/concurrent/ThreadPoolExecutor done
Event: 4.103 Loading class java/util/concurrent/ScheduledThreadPoolExecutor done
Event: 4.144 Loading class java/util/concurrent/ThreadPoolExecutor$AbortPolicy
Event: 4.145 Loading class java/util/concurrent/ThreadPoolExecutor$AbortPolicy done
Event: 4.147 Loading class java/util/concurrent/ScheduledThreadPoolExecutor$DelayedWorkQueue

Classes unloaded (0 events):
No events

Classes redefined (0 events):
No events

Internal exceptions (20 events):
Event: 2.014 Thread 0x000001d086a0e560 Exception <a 'java/lang/ClassNotFoundException'{0x00000000ec2615e8}: sun/net/www/protocol/c/Handler> (0x00000000ec2615e8) 
thrown [s\src\hotspot\share\classfile\systemDictionary.cpp, line 312]
Event: 2.015 Thread 0x000001d086a0e560 Exception <a 'java/lang/ClassNotFoundException'{0x00000000ec262960}: sun/net/www/protocol/d/Handler> (0x00000000ec262960) 
thrown [s\src\hotspot\share\classfile\systemDictionary.cpp, line 312]
Event: 2.015 Thread 0x000001d086a0e560 Exception <a 'java/lang/ClassNotFoundException'{0x00000000ec263b18}: sun/net/www/protocol/c/Handler> (0x00000000ec263b18) 
thrown [s\src\hotspot\share\classfile\systemDictionary.cpp, line 312]
Event: 2.213 Thread 0x000001d086a0e560 Exception <a 'java/io/FileNotFoundException'{0x00000000ec286c98}> (0x00000000ec286c98) 
thrown [s\src\hotspot\share\prims\jni.cpp, line 520]
Event: 2.406 Thread 0x000001d086a0e560 Implicit null exception at 0x000001d091881ac9 to 0x000001d091882464
Event: 2.406 Thread 0x000001d086a0e560 Implicit null exception at 0x000001d091897d1a to 0x000001d091897f24
Event: 2.407 Thread 0x000001d086a0e560 Implicit null exception at 0x000001d091887bbc to 0x000001d091887e58
Event: 2.407 Thread 0x000001d086a0e560 Implicit null exception at 0x000001d091885cbd to 0x000001d091885d41
Event: 2.946 Thread 0x000001d086a0e560 Exception <a 'java/lang/NoSuchMethodError'{0x00000000eace03c8}: 'long java.lang.invoke.DirectMethodHandle$Holder.invokeStatic(java.lang.Object, java.lang.Object, int)'> (0x00000000eace03c8) 
thrown [s\src\hotspot\share\interpreter\linkResolver.cpp, line 773]
Event: 2.947 Thread 0x000001d086a0e560 Exception <a 'java/lang/NoSuchMethodError'{0x00000000eace7f30}: 'java.lang.Object java.lang.invoke.DirectMethodHandle$Holder.invokeSpecial(java.lang.Object, java.lang.Object, java.lang.Object, java.lang.Object, long)'> (0x00000000eace7f30) 
thrown [s\src\hotspot\share\interpreter\linkResolver.cpp, line 773]
Event: 2.948 Thread 0x000001d086a0e560 Exception <a 'java/lang/NoSuchMethodError'{0x00000000eacf5928}: 'java.lang.Object java.lang.invoke.DirectMethodHandle$Holder.invokeSpecial(java.lang.Object, java.lang.Object, java.lang.Object, int, java.lang.Object)'> (0x00000000eacf5928) 
thrown [s\src\hotspot\share\interpreter\linkResolver.cpp, line 773]
Event: 2.950 Thread 0x000001d086a0e560 Exception <a 'java/lang/NoSuchMethodError'{0x00000000ead0f540}: 'java.lang.Object java.lang.invoke.Invokers$Holder.invokeExact_MT(java.lang.Object, java.lang.Object, java.lang.Object, java.lang.Object, java.lang.Object, java.lang.Object)'> (0x00000000ead0f540) 
thrown [s\src\hotspot\share\interpreter\linkResolver.cpp, line 773]
Event: 2.958 Thread 0x000001d086a0e560 Exception <a 'java/lang/NoSuchMethodError'{0x00000000ead28cb8}: 'int java.lang.invoke.DirectMethodHandle$Holder.invokeStaticInit(java.lang.Object, java.lang.Object, java.lang.Object, java.lang.Object)'> (0x00000000ead28cb8) 
thrown [s\src\hotspot\share\interpreter\linkResolver.cpp, line 773]
Event: 2.959 Thread 0x000001d086a0e560 Exception <a 'java/lang/NoSuchMethodError'{0x00000000ead31708}: 'java.lang.Object java.lang.invoke.DirectMethodHandle$Holder.invokeInterface(java.lang.Object, java.lang.Object)'> (0x00000000ead31708) 
thrown [s\src\hotspot\share\interpreter\linkResolver.cpp, line 773]
Event: 2.959 Thread 0x000001d086a0e560 Exception <a 'java/lang/IncompatibleClassChangeError'{0x00000000ead34c40}: Found class java.lang.Object, but interface was expected> (0x00000000ead34c40) 
thrown [s\src\hotspot\share\interpreter\linkResolver.cpp, line 840]
Event: 2.961 Thread 0x000001d086a0e560 Exception <a 'java/lang/NoSuchMethodError'{0x00000000ead38df8}: 'void java.lang.invoke.DirectMethodHandle$Holder.invokeStatic(java.lang.Object, java.lang.Object)'> (0x00000000ead38df8) 
thrown [s\src\hotspot\share\interpreter\linkResolver.cpp, line 773]
Event: 2.962 Thread 0x000001d086a0e560 Exception <a 'java/lang/NoSuchMethodError'{0x00000000ead3c1a0}: 'void java.lang.invoke.DirectMethodHandle$Holder.invokeStaticInit(java.lang.Object, java.lang.Object)'> (0x00000000ead3c1a0) 
thrown [s\src\hotspot\share\interpreter\linkResolver.cpp, line 773]
Event: 2.963 Thread 0x000001d086a0e560 Exception <a 'java/lang/NoSuchMethodError'{0x00000000ead431c0}: 'int java.lang.invoke.DirectMethodHandle$Holder.invokeStaticInit(java.lang.Object, java.lang.Object)'> (0x00000000ead431c0) 
thrown [s\src\hotspot\share\interpreter\linkResolver.cpp, line 773]
Event: 3.229 Thread 0x000001d086a0e560 Exception <a 'java/lang/NoSuchMethodError'{0x00000000eae809d8}: 'void java.lang.invoke.DirectMethodHandle$Holder.invokeSpecial(java.lang.Object, java.lang.Object, java.lang.Object)'> (0x00000000eae809d8) 
thrown [s\src\hotspot\share\interpreter\linkResolver.cpp, line 773]
Event: 4.058 Thread 0x000001d086a0e560 Exception <a 'java/lang/NoSuchMethodError'{0x00000000eb72e1d0}: 'int java.lang.invoke.DirectMethodHandle$Holder.invokeVirtual(java.lang.Object, java.lang.Object)'> (0x00000000eb72e1d0) 
thrown [s\src\hotspot\share\interpreter\linkResolver.cpp, line 773]

ZGC Phase Switch (0 events):
No events

VM Operations (16 events):
Event: 0.143 Executing VM operation: HandshakeAllThreads (Deoptimize)
Event: 0.143 Executing VM operation: HandshakeAllThreads (Deoptimize) done
Event: 0.243 Executing VM operation: HandshakeAllThreads (Deoptimize)
Event: 0.244 Executing VM operation: HandshakeAllThreads (Deoptimize) done
Event: 0.914 Executing VM operation: HandshakeAllThreads (Deoptimize)
Event: 0.914 Executing VM operation: HandshakeAllThreads (Deoptimize) done
Event: 1.141 Executing VM operation: HandshakeAllThreads (Deoptimize)
Event: 1.141 Executing VM operation: HandshakeAllThreads (Deoptimize) done
Event: 1.141 Executing VM operation: Cleanup
Event: 1.141 Executing VM operation: Cleanup done
Event: 1.897 Executing VM operation: HandshakeAllThreads (Deoptimize)
Event: 1.897 Executing VM operation: HandshakeAllThreads (Deoptimize) done
Event: 2.494 Executing VM operation: ParallelGCFailedAllocation (Allocation Failure)
Event: 2.545 Executing VM operation: ParallelGCFailedAllocation (Allocation Failure) done
Event: 3.553 Executing VM operation: Cleanup
Event: 3.553 Executing VM operation: Cleanup done

Memory protections (0 events):
No events

Nmethod flushes (0 events):
No events

Events (11 events):
Event: 0.067 Thread 0x000001d086a0e560 Thread added: 0x000001d086a0e560
Event: 0.089 Thread 0x000001d086a0e560 Thread added: 0x000001d09ae998c0
Event: 0.089 Thread 0x000001d086a0e560 Thread added: 0x000001d09ae9c130
Event: 0.089 Thread 0x000001d086a0e560 Thread added: 0x000001d09ae9e4c0
Event: 0.089 Thread 0x000001d086a0e560 Thread added: 0x000001d09ae9f4c0
Event: 0.089 Thread 0x000001d086a0e560 Thread added: 0x000001d09aea23d0
Event: 0.090 Thread 0x000001d086a0e560 Thread added: 0x000001d09aea3f20
Event: 0.090 Thread 0x000001d086a0e560 Thread added: 0x000001d09aea4e40
Event: 0.091 Thread 0x000001d086a0e560 Thread added: 0x000001d09aed7c90
Event: 0.121 Thread 0x000001d086a0e560 Thread added: 0x000001d0e104ad90
Event: 0.577 Thread 0x000001d086a0e560 Thread added: 0x000001d0e126af30


Dynamic libraries:
0x00007ff70afc0000 - 0x00007ff70afce000 	c:\Users\Admin\.vscode\extensions\redhat.java-1.39.0-win32-x64\jre\21.0.5-win32-x86_64\bin\java.exe
0x00007ffb10d30000 - 0x00007ffb10f47000 	C:\WINDOWS\SYSTEM32\ntdll.dll
0x00007ffb0f8e0000 - 0x00007ffb0f9a4000 	C:\WINDOWS\System32\KERNEL32.DLL
0x00007ffb0e260000 - 0x00007ffb0e630000 	C:\WINDOWS\System32\KERNELBASE.dll
0x00007ffb0e090000 - 0x00007ffb0e1a1000 	C:\WINDOWS\System32\ucrtbase.dll
0x00007ffacc540000 - 0x00007ffacc558000 	c:\Users\Admin\.vscode\extensions\redhat.java-1.39.0-win32-x64\jre\21.0.5-win32-x86_64\bin\jli.dll
0x00007ffb10950000 - 0x00007ffb10afe000 	C:\WINDOWS\System32\USER32.dll
0x00007ffb0dfe0000 - 0x00007ffb0e006000 	C:\WINDOWS\System32\win32u.dll
0x00007ffb10bb0000 - 0x00007ffb10bd9000 	C:\WINDOWS\System32\GDI32.dll
0x00007ffb0e630000 - 0x00007ffb0e74b000 	C:\WINDOWS\System32\gdi32full.dll
0x00007ffb0e750000 - 0x00007ffb0e7ea000 	C:\WINDOWS\System32\msvcp_win.dll
0x00007ffacc150000 - 0x00007ffacc16e000 	c:\Users\Admin\.vscode\extensions\redhat.java-1.39.0-win32-x64\jre\21.0.5-win32-x86_64\bin\VCRUNTIME140.dll
0x00007ffaf6aa0000 - 0x00007ffaf6d32000 	C:\WINDOWS\WinSxS\amd64_microsoft.windows.common-controls_6595b64144ccf1df_6.0.22621.4830_none_270fe7d773858e80\COMCTL32.dll
0x00007ffb0eb90000 - 0x00007ffb0ec37000 	C:\WINDOWS\System32\msvcrt.dll
0x00007ffb0ec40000 - 0x00007ffb0ec71000 	C:\WINDOWS\System32\IMM32.DLL
0x00007ffaffee0000 - 0x00007ffaffeec000 	c:\Users\Admin\.vscode\extensions\redhat.java-1.39.0-win32-x64\jre\21.0.5-win32-x86_64\bin\vcruntime140_1.dll
0x00007ffab5ee0000 - 0x00007ffab5f6d000 	c:\Users\Admin\.vscode\extensions\redhat.java-1.39.0-win32-x64\jre\21.0.5-win32-x86_64\bin\msvcp140.dll
0x00007ffab4950000 - 0x00007ffab56df000 	c:\Users\Admin\.vscode\extensions\redhat.java-1.39.0-win32-x64\jre\21.0.5-win32-x86_64\bin\server\jvm.dll
0x00007ffb0ff90000 - 0x00007ffb10041000 	C:\WINDOWS\System32\ADVAPI32.dll
0x00007ffb10b00000 - 0x00007ffb10ba7000 	C:\WINDOWS\System32\sechost.dll
0x00007ffb0e1b0000 - 0x00007ffb0e1d8000 	C:\WINDOWS\System32\bcrypt.dll
0x00007ffb102a0000 - 0x00007ffb103b4000 	C:\WINDOWS\System32\RPCRT4.dll
0x00007ffb10050000 - 0x00007ffb100c1000 	C:\WINDOWS\System32\WS2_32.dll
0x00007ffb0de00000 - 0x00007ffb0de4d000 	C:\WINDOWS\SYSTEM32\POWRPROF.dll
0x00007ffb03e40000 - 0x00007ffb03e74000 	C:\WINDOWS\SYSTEM32\WINMM.dll
0x00007ffb01f70000 - 0x00007ffb01f7a000 	C:\WINDOWS\SYSTEM32\VERSION.dll
0x00007ffb0dde0000 - 0x00007ffb0ddf3000 	C:\WINDOWS\SYSTEM32\UMPDC.dll
0x00007ffb0d020000 - 0x00007ffb0d038000 	C:\WINDOWS\SYSTEM32\kernel.appcore.dll
0x00007ffaff720000 - 0x00007ffaff72a000 	c:\Users\Admin\.vscode\extensions\redhat.java-1.39.0-win32-x64\jre\21.0.5-win32-x86_64\bin\jimage.dll
0x00007ffb0bad0000 - 0x00007ffb0bd02000 	C:\WINDOWS\SYSTEM32\DBGHELP.DLL
0x00007ffb0fc00000 - 0x00007ffb0ff90000 	C:\WINDOWS\System32\combase.dll
0x00007ffb0f9b0000 - 0x00007ffb0fa87000 	C:\WINDOWS\System32\OLEAUT32.dll
0x00007ffaee990000 - 0x00007ffaee9c2000 	C:\WINDOWS\SYSTEM32\dbgcore.DLL
0x00007ffb0e010000 - 0x00007ffb0e08b000 	C:\WINDOWS\System32\bcryptPrimitives.dll
0x00007ffaf8b30000 - 0x00007ffaf8b3f000 	c:\Users\Admin\.vscode\extensions\redhat.java-1.39.0-win32-x64\jre\21.0.5-win32-x86_64\bin\instrument.dll
0x00007ffaca5a0000 - 0x00007ffaca5bf000 	c:\Users\Admin\.vscode\extensions\redhat.java-1.39.0-win32-x64\jre\21.0.5-win32-x86_64\bin\java.dll
0x00007ffb0ecf0000 - 0x00007ffb0f568000 	C:\WINDOWS\System32\SHELL32.dll
0x00007ffb0bf30000 - 0x00007ffb0c840000 	C:\WINDOWS\SYSTEM32\windows.storage.dll
0x00007ffb0bd10000 - 0x00007ffb0be4f000 	C:\WINDOWS\SYSTEM32\wintypes.dll
0x00007ffb0fa90000 - 0x00007ffb0fb9a000 	C:\WINDOWS\System32\SHCORE.dll
0x00007ffb103e0000 - 0x00007ffb1043e000 	C:\WINDOWS\System32\shlwapi.dll
0x00007ffb0df10000 - 0x00007ffb0df3b000 	C:\WINDOWS\SYSTEM32\profapi.dll
0x00007fface910000 - 0x00007fface928000 	c:\Users\Admin\.vscode\extensions\redhat.java-1.39.0-win32-x64\jre\21.0.5-win32-x86_64\bin\zip.dll
0x00007ffaf85a0000 - 0x00007ffaf85b0000 	C:\Users\Admin\.vscode\extensions\redhat.java-1.39.0-win32-x64\jre\21.0.5-win32-x86_64\bin\net.dll
0x00007ffb06050000 - 0x00007ffb0617c000 	C:\WINDOWS\SYSTEM32\WINHTTP.dll
0x00007ffb0d4a0000 - 0x00007ffb0d50a000 	C:\WINDOWS\system32\mswsock.dll
0x00007ffacc560000 - 0x00007ffacc576000 	C:\Users\Admin\.vscode\extensions\redhat.java-1.39.0-win32-x64\jre\21.0.5-win32-x86_64\bin\nio.dll
0x00007ffaf84e0000 - 0x00007ffaf84f0000 	c:\Users\Admin\.vscode\extensions\redhat.java-1.39.0-win32-x64\jre\21.0.5-win32-x86_64\bin\verify.dll

dbghelp: loaded successfully - version: 4.0.5 - missing functions: none
symbol engine: initialized successfully - sym options: 0x614 - pdb path: .;c:\Users\Admin\.vscode\extensions\redhat.java-1.39.0-win32-x64\jre\21.0.5-win32-x86_64\bin;C:\WINDOWS\SYSTEM32;C:\WINDOWS\WinSxS\amd64_microsoft.windows.common-controls_6595b64144ccf1df_6.0.22621.4830_none_270fe7d773858e80;c:\Users\Admin\.vscode\extensions\redhat.java-1.39.0-win32-x64\jre\21.0.5-win32-x86_64\bin\server

VM Arguments:
jvm_args: --add-modules=ALL-SYSTEM --add-opens=java.base/java.util=ALL-UNNAMED --add-opens=java.base/java.lang=ALL-UNNAMED --add-opens=java.base/sun.nio.fs=ALL-UNNAMED -Declipse.application=org.eclipse.jdt.ls.core.id1 -Dosgi.bundles.defaultStartLevel=4 -Declipse.product=org.eclipse.jdt.ls.core.product -Djava.import.generatesMetadataFilesAtProjectRoot=false -DDetectVMInstallationsJob.disabled=true -Dfile.encoding=utf8 -XX:+UseParallelGC -XX:GCTimeRatio=4 -XX:AdaptiveSizePolicyWeight=90 -Dsun.zip.disableMemoryMapping=true -Xmx1G -Xms100m -Xlog:disable -javaagent:c:\Users\Admin\.vscode\extensions\redhat.java-1.39.0-win32-x64\lombok\lombok-1.18.34.jar 
java_command: c:\Users\Admin\.vscode\extensions\redhat.java-1.39.0-win32-x64\server\plugins\org.eclipse.equinox.launcher_1.6.900.v20240613-2009.jar -configuration c:\Users\Admin\AppData\Roaming\Code\User\globalStorage\redhat.java\1.39.0\config_ss_win -data c:\Users\Admin\AppData\Roaming\Code\User\workspaceStorage\9a498522267c49f11542598aa7f88442\redhat.java\ss_ws --pipe=\\.\pipe\lsp-6100fdae68f07a14c367123a744caf36-sock
java_class_path (initial): c:\Users\Admin\.vscode\extensions\redhat.java-1.39.0-win32-x64\server\plugins\org.eclipse.equinox.launcher_1.6.900.v20240613-2009.jar
Launcher Type: SUN_STANDARD

[Global flags]
    uintx AdaptiveSizePolicyWeight                 = 90                                        {product} {command line}
     intx CICompilerCount                          = 3                                         {product} {ergonomic}
    uintx GCTimeRatio                              = 4                                         {product} {command line}
   size_t InitialHeapSize                          = 104857600                                 {product} {command line}
   size_t MaxHeapSize                              = 1073741824                                {product} {command line}
   size_t MaxNewSize                               = 357564416                                 {product} {ergonomic}
   size_t MinHeapDeltaBytes                        = 524288                                    {product} {ergonomic}
   size_t MinHeapSize                              = 104857600                                 {product} {command line}
   size_t NewSize                                  = 34603008                                  {product} {ergonomic}
    uintx NonNMethodCodeHeapSize                   = 5832780                                {pd product} {ergonomic}
    uintx NonProfiledCodeHeapSize                  = 122912730                              {pd product} {ergonomic}
   size_t OldSize                                  = 70254592                                  {product} {ergonomic}
    uintx ProfiledCodeHeapSize                     = 122912730                              {pd product} {ergonomic}
    uintx ReservedCodeCacheSize                    = 251658240                              {pd product} {ergonomic}
     bool SegmentedCodeCache                       = true                                      {product} {ergonomic}
   size_t SoftMaxHeapSize                          = 1073741824                             {manageable} {ergonomic}
     bool UseCompressedOops                        = true                           {product lp64_product} {ergonomic}
     bool UseLargePagesIndividualAllocation        = false                                  {pd product} {ergonomic}
     bool UseParallelGC                            = true                                      {product} {command line}

Logging:
Log output configuration:
 #0: stdout all=off uptime,level,tags foldmultilines=false
 #1: stderr all=off uptime,level,tags foldmultilines=false

Environment Variables:
PATH=C:\Program Files\Common Files\Oracle\Java\javapath;C:\WINDOWS\system32;C:\WINDOWS;C:\WINDOWS\System32\Wbem;C:\WINDOWS\System32\WindowsPowerShell\v1.0\;C:\WINDOWS\System32\OpenSSH\;C:\Program Files\Microsoft SQL Server\Client SDK\ODBC\170\Tools\Binn\;C:\Program Files\Azure Data Studio\bin;C:\Program Files\nodejs\;C:\Program Files\Git\cmd;C:\Program Files\dotnet\;C:\Program Files (x86)\Microsoft SQL Server\160\Tools\Binn\;C:\Program Files\Microsoft SQL Server\160\Tools\Binn\;C:\Program Files\Microsoft SQL Server\160\DTS\Binn\;C:\Program Files (x86)\Microsoft SQL Server\160\DTS\Binn\;C:\Program Files\Microsoft SQL Server\150\Tools\Binn\;C:\Users\Admin\AppData\Local\Programs\Python\Python310\Scripts\;C:\Users\Admin\AppData\Local\Programs\Python\Python310\;C:\Program Files\MySQL\MySQL Shell 8.0\bin\;C:\Users\Admin\AppData\Local\Microsoft\WindowsApps;;C:\Program Files\JetBrains\IntelliJ IDEA Community Edition 2024.2.0.2\bin;;C:\Program Files\Azure Data Studio\bin;C:\Users\Admin\AppData\Local\Programs\Microsoft VS Code\bin;C:\Users\Admin\AppData\Roaming\npm;D:\IntelliJ IDEA 2024.2.0.2\bin;;C:\Users\Admin\.dotnet\tools
USERNAME=Admin
OS=Windows_NT
PROCESSOR_IDENTIFIER=Intel64 Family 6 Model 140 Stepping 1, GenuineIntel
TMP=C:\Users\Admin\AppData\Local\Temp
TEMP=C:\Users\Admin\AppData\Local\Temp




Periodic native trim disabled

---------------  S Y S T E M  ---------------

OS:
 Windows 11 , 64 bit Build 22621 (10.0.22621.4830)
OS uptime: 10 days 5:15 hours

CPU: total 4 (initial active 4) (2 cores per cpu, 2 threads per core) family 6 model 140 stepping 1 microcode 0xa6, cx8, cmov, fxsr, ht, mmx, 3dnowpref, sse, sse2, sse3, ssse3, sse4.1, sse4.2, popcnt, lzcnt, tsc, tscinvbit, avx, avx2, aes, erms, clmul, bmi1, bmi2, adx, avx512f, avx512dq, avx512cd, avx512bw, avx512vl, sha, fma, vzeroupper, avx512_vpopcntdq, avx512_vpclmulqdq, avx512_vaes, avx512_vnni, clflush, clflushopt, clwb, avx512_vbmi2, avx512_vbmi, rdtscp, rdpid, fsrm, gfni, avx512_bitalg, f16c, pku, cet_ibt, cet_ss, avx512_ifma
Processor Information for all 4 processors :
  Max Mhz: 2995, Current Mhz: 2995, Mhz Limit: 2995

Memory: 4k page, system-wide physical 7886M (153M free)
TotalPageFile size 25674M (AvailPageFile size 26M)
current process WorkingSet (physical memory assigned to process): 83M, peak: 83M
current process commit charge ("private bytes"): 189M, peak: 190M

vm_info: OpenJDK 64-Bit Server VM (21.0.5+11-LTS) for windows-amd64 JRE (21.0.5+11-LTS), built on 2024-10-15T00:00:00Z by "admin" with MS VC++ 17.7 (VS2022)

END.
