#
# There is insufficient memory for the Java Runtime Environment to continue.
# Native memory allocation (malloc) failed to allocate 365216 bytes. Error detail: Chunk::new
# Possible reasons:
#   The system is out of physical RAM or swap space
#   This process is running with CompressedOops enabled, and the Java Heap may be blocking the growth of the native heap
# Possible solutions:
#   Reduce memory load on the system
#   Increase physical memory or swap space
#   Check if swap backing store is full
#   Decrease Java heap size (-Xmx/-Xms)
#   Decrease number of Java threads
#   Decrease Java thread stack sizes (-Xss)
#   Set larger code cache with -XX:ReservedCodeCacheSize=
#   JVM is running with Unscaled Compressed Oops mode in which the Java heap is
#     placed in the first 4GB address space. The Java Heap base address is the
#     maximum limit for the native heap growth. Please use -XX:HeapBaseMinAddress
#     to set the Java Heap base and to place the Java Heap above 4GB virtual address.
# This output file may be truncated or incomplete.
#
#  Out of Memory Error (arena.cpp:168), pid=936, tid=5952
#
# JRE version: OpenJDK Runtime Environment Temurin-21.0.5+11 (21.0.5+11) (build 21.0.5+11-LTS)
# Java VM: OpenJDK 64-Bit Server VM Temurin-21.0.5+11 (21.0.5+11-LTS, mixed mode, sharing, tiered, compressed oops, compressed class ptrs, parallel gc, windows-amd64)
# No core dump will be written. Minidumps are not enabled by default on client versions of Windows
#

---------------  S U M M A R Y ------------

Command Line: --add-modules=ALL-SYSTEM --add-opens=java.base/java.util=ALL-UNNAMED --add-opens=java.base/java.lang=ALL-UNNAMED --add-opens=java.base/sun.nio.fs=ALL-UNNAMED -Declipse.application=org.eclipse.jdt.ls.core.id1 -Dosgi.bundles.defaultStartLevel=4 -Declipse.product=org.eclipse.jdt.ls.core.product -Djava.import.generatesMetadataFilesAtProjectRoot=false -DDetectVMInstallationsJob.disabled=true -Dfile.encoding=utf8 -XX:+UseParallelGC -XX:GCTimeRatio=4 -XX:AdaptiveSizePolicyWeight=90 -Dsun.zip.disableMemoryMapping=true -Xmx1G -Xms100m -Xlog:disable -javaagent:c:\Users\Admin\.vscode\extensions\redhat.java-1.39.0-win32-x64\lombok\lombok-1.18.34.jar -XX:+HeapDumpOnOutOfMemoryError -XX:HeapDumpPath=c:\Users\Admin\AppData\Roaming\Code\User\workspaceStorage\9a498522267c49f11542598aa7f88442\redhat.java -Daether.dependencyCollector.impl=bf c:\Users\Admin\.vscode\extensions\redhat.java-1.39.0-win32-x64\server\plugins\org.eclipse.equinox.launcher_1.6.900.v20240613-2009.jar -configuration c:\Users\Admin\AppData\Roaming\Code\User\globalStorage\redhat.java\1.39.0\config_win -data c:\Users\Admin\AppData\Roaming\Code\User\workspaceStorage\9a498522267c49f11542598aa7f88442\redhat.java\jdt_ws --pipe=\\.\pipe\lsp-ed840f0a0f2be5cb1d2a5c7ce4f6c376-sock

Host: 11th Gen Intel(R) Core(TM) i3-1115G4 @ 3.00GHz, 4 cores, 7G,  Windows 11 , 64 bit Build 22621 (10.0.22621.4830)
Time: Wed Feb 26 22:46:38 2025 SE Asia Standard Time elapsed time: 3.515466 seconds (0d 0h 0m 3s)

---------------  T H R E A D  ---------------

Current thread (0x0000015ca0ee4740):  JavaThread "C2 CompilerThread0" daemon [_thread_in_native, id=5952, stack(0x0000000f0b300000,0x0000000f0b400000) (1024K)]


Current CompileTask:
C2:3515 1546       4       lombok.patcher.scripts.MethodLevelPatchScript::patch (21 bytes)

Stack: [0x0000000f0b300000,0x0000000f0b400000]
Native frames: (J=compiled Java code, j=interpreted, Vv=VM code, C=native code)
V  [jvm.dll+0x6cd4e9]
V  [jvm.dll+0x8a7941]
V  [jvm.dll+0x8a9e6e]
V  [jvm.dll+0x8aa543]
V  [jvm.dll+0x27f6d6]
V  [jvm.dll+0xc500d]
V  [jvm.dll+0xc5543]
V  [jvm.dll+0x2f2a9d]
V  [jvm.dll+0x5f67ea]
V  [jvm.dll+0x250b82]
V  [jvm.dll+0x250f3f]
V  [jvm.dll+0x249814]
V  [jvm.dll+0x246ea4]
V  [jvm.dll+0x1c75ce]
V  [jvm.dll+0x25682a]
V  [jvm.dll+0x254dca]
V  [jvm.dll+0x3f00d6]
V  [jvm.dll+0x8514fb]
V  [jvm.dll+0x6cbbed]
C  [ucrtbase.dll+0x29333]
C  [KERNEL32.DLL+0x1259d]
C  [ntdll.dll+0x5af38]


---------------  P R O C E S S  ---------------

Threads class SMR info:
_java_thread_list=0x0000015ce7a66060, length=12, elements={
0x0000015c8ab3f1e0, 0x0000015ca0eda9d0, 0x0000015ca0edbf70, 0x0000015ca0ededf0,
0x0000015ca0edfb30, 0x0000015ca0ee0f70, 0x0000015ca0ee18c0, 0x0000015ca0ee4740,
0x0000015ca0f58d90, 0x0000015ce70305a0, 0x0000015ce7284cc0, 0x0000015ce7716c60
}

Java Threads: ( => current thread )
  0x0000015c8ab3f1e0 JavaThread "main"                              [_thread_in_native, id=7356, stack(0x0000000f0a900000,0x0000000f0aa00000) (1024K)]
  0x0000015ca0eda9d0 JavaThread "Reference Handler"          daemon [_thread_blocked, id=15816, stack(0x0000000f0ad00000,0x0000000f0ae00000) (1024K)]
  0x0000015ca0edbf70 JavaThread "Finalizer"                  daemon [_thread_blocked, id=14208, stack(0x0000000f0ae00000,0x0000000f0af00000) (1024K)]
  0x0000015ca0ededf0 JavaThread "Signal Dispatcher"          daemon [_thread_blocked, id=8980, stack(0x0000000f0af00000,0x0000000f0b000000) (1024K)]
  0x0000015ca0edfb30 JavaThread "Attach Listener"            daemon [_thread_blocked, id=21616, stack(0x0000000f0b000000,0x0000000f0b100000) (1024K)]
  0x0000015ca0ee0f70 JavaThread "Service Thread"             daemon [_thread_blocked, id=5304, stack(0x0000000f0b100000,0x0000000f0b200000) (1024K)]
  0x0000015ca0ee18c0 JavaThread "Monitor Deflation Thread"   daemon [_thread_blocked, id=24512, stack(0x0000000f0b200000,0x0000000f0b300000) (1024K)]
=>0x0000015ca0ee4740 JavaThread "C2 CompilerThread0"         daemon [_thread_in_native, id=5952, stack(0x0000000f0b300000,0x0000000f0b400000) (1024K)]
  0x0000015ca0f58d90 JavaThread "C1 CompilerThread0"         daemon [_thread_blocked, id=23932, stack(0x0000000f0b400000,0x0000000f0b500000) (1024K)]
  0x0000015ce70305a0 JavaThread "Common-Cleaner"             daemon [_thread_blocked, id=17404, stack(0x0000000f0b500000,0x0000000f0b600000) (1024K)]
  0x0000015ce7284cc0 JavaThread "Notification Thread"        daemon [_thread_blocked, id=2624, stack(0x0000000f0b600000,0x0000000f0b700000) (1024K)]
  0x0000015ce7716c60 JavaThread "Active Thread: Equinox Container: f49f921d-4bc3-4afd-b6fd-1eb1e3233797"        [_thread_blocked, id=22056, stack(0x0000000f0ba00000,0x0000000f0bb00000) (1024K)]
Total: 12

Other Threads:
  0x0000015c8abfc490 VMThread "VM Thread"                           [id=12096, stack(0x0000000f0ac00000,0x0000000f0ad00000) (1024K)]
  0x0000015c8aba7f30 WatcherThread "VM Periodic Task Thread"        [id=6524, stack(0x0000000f0ab00000,0x0000000f0ac00000) (1024K)]
  0x0000015c8ab5c1d0 WorkerThread "GC Thread#0"                     [id=9428, stack(0x0000000f0aa00000,0x0000000f0ab00000) (1024K)]
  0x0000015ce79f5f10 WorkerThread "GC Thread#1"                     [id=24204, stack(0x0000000f0b700000,0x0000000f0b800000) (1024K)]
  0x0000015ce79fce30 WorkerThread "GC Thread#2"                     [id=820, stack(0x0000000f0b800000,0x0000000f0b900000) (1024K)]
  0x0000015ce79fd1d0 WorkerThread "GC Thread#3"                     [id=23004, stack(0x0000000f0b900000,0x0000000f0ba00000) (1024K)]
Total: 6

Threads with active compile tasks:
C2 CompilerThread0  3537 1546       4       lombok.patcher.scripts.MethodLevelPatchScript::patch (21 bytes)
Total: 1

VM state: not at safepoint (normal execution)

VM Mutex/Monitor currently owned by a thread: None

Heap address: 0x00000000c0000000, size: 1024 MB, Compressed Oops mode: 32-bit

CDS archive(s) mapped at: [0x0000015ca1000000-0x0000015ca1ba0000-0x0000015ca1ba0000), size 12189696, SharedBaseAddress: 0x0000015ca1000000, ArchiveRelocationMode: 1.
Compressed class space mapped at: 0x0000015ca2000000-0x0000015ce2000000, reserved size: 1073741824
Narrow klass base: 0x0000015ca1000000, Narrow klass shift: 0, Narrow klass range: 0x100000000

GC Precious Log:
 CardTable entry size: 512
 CPUs: 4 total, 4 available
 Memory: 7886M
 Large Page Support: Disabled
 NUMA Support: Disabled
 Compressed Oops: Enabled (32-bit)
 Alignments: Space 512K, Generation 512K, Heap 2M
 Heap Min Capacity: 100M
 Heap Initial Capacity: 100M
 Heap Max Capacity: 1G
 Pre-touch: Disabled
 Parallel Workers: 4

Heap:
 PSYoungGen      total 29696K, used 19664K [0x00000000eab00000, 0x00000000ecc00000, 0x0000000100000000)
  eden space 25600K, 64% used [0x00000000eab00000,0x00000000ebb0e850,0x00000000ec400000)
  from space 4096K, 78% used [0x00000000ec400000,0x00000000ec725860,0x00000000ec800000)
  to   space 4096K, 0% used [0x00000000ec800000,0x00000000ec800000,0x00000000ecc00000)
 ParOldGen       total 68608K, used 0K [0x00000000c0000000, 0x00000000c4300000, 0x00000000eab00000)
  object space 68608K, 0% used [0x00000000c0000000,0x00000000c0000000,0x00000000c4300000)
 Metaspace       used 6750K, committed 7040K, reserved 1114112K
  class space    used 636K, committed 768K, reserved 1048576K

Card table byte_map: [0x0000015c9e830000,0x0000015c9ea40000] _byte_map_base: 0x0000015c9e230000

Marking Bits: (ParMarkBitMap*) 0x00007ffab5602250
 Begin Bits: [0x0000015c9eba0000, 0x0000015c9fba0000)
 End Bits:   [0x0000015c9fba0000, 0x0000015ca0ba0000)

Polling page: 0x0000015c8a9a0000

Metaspace:

Usage:
  Non-class:      5.97 MB used.
      Class:    636.55 KB used.
       Both:      6.59 MB used.

Virtual space:
  Non-class space:       64.00 MB reserved,       6.12 MB ( 10%) committed,  1 nodes.
      Class space:        1.00 GB reserved,     768.00 KB ( <1%) committed,  1 nodes.
             Both:        1.06 GB reserved,       6.88 MB ( <1%) committed. 

Chunk freelists:
   Non-Class:  9.58 MB
       Class:  15.07 MB
        Both:  24.65 MB

MaxMetaspaceSize: unlimited
CompressedClassSpaceSize: 1.00 GB
Initial GC threshold: 21.00 MB
Current GC threshold: 21.00 MB
CDS: on
 - commit_granule_bytes: 65536.
 - commit_granule_words: 8192.
 - virtual_space_node_default_size: 8388608.
 - enlarge_chunks_in_place: 1.
 - use_allocation_guard: 0.


Internal statistics:

num_allocs_failed_limit: 0.
num_arena_births: 162.
num_arena_deaths: 0.
num_vsnodes_births: 2.
num_vsnodes_deaths: 0.
num_space_committed: 110.
num_space_uncommitted: 0.
num_chunks_returned_to_freelist: 0.
num_chunks_taken_from_freelist: 289.
num_chunk_merges: 0.
num_chunk_splits: 201.
num_chunks_enlarged: 144.
num_inconsistent_stats: 0.

CodeHeap 'non-profiled nmethods': size=120000Kb used=630Kb max_used=630Kb free=119369Kb
 bounds [0x0000015c97120000, 0x0000015c97390000, 0x0000015c9e650000]
CodeHeap 'profiled nmethods': size=120000Kb used=2843Kb max_used=2843Kb free=117156Kb
 bounds [0x0000015c8f650000, 0x0000015c8f920000, 0x0000015c96b80000]
CodeHeap 'non-nmethods': size=5760Kb used=1217Kb max_used=1236Kb free=4542Kb
 bounds [0x0000015c96b80000, 0x0000015c96df0000, 0x0000015c97120000]
 total_blobs=2048 nmethods=1576 adapters=379
 compilation: enabled
              stopped_count=0, restarted_count=0
 full_count=0

Compilation events (20 events):
Event: 3.413 Thread 0x0000015ca0f58d90 nmethod 1547 0x0000015c8f904d10 code [0x0000015c8f904ec0, 0x0000015c8f904ff8]
Event: 3.414 Thread 0x0000015ca0f58d90 1548       3       jdk.internal.loader.URLClassPath::getResource (74 bytes)
Event: 3.414 Thread 0x0000015ca0f58d90 nmethod 1548 0x0000015c8f905090 code [0x0000015c8f905260, 0x0000015c8f9055b8]
Event: 3.415 Thread 0x0000015ca0f58d90 1549       3       sun.security.util.ManifestEntryVerifier::<init> (65 bytes)
Event: 3.415 Thread 0x0000015ca0f58d90 nmethod 1549 0x0000015c8f905710 code [0x0000015c8f905940, 0x0000015c8f906070]
Event: 3.416 Thread 0x0000015ca0f58d90 1550       3       java.security.MessageDigest::reset (10 bytes)
Event: 3.416 Thread 0x0000015ca0f58d90 nmethod 1550 0x0000015c8f906310 code [0x0000015c8f9064c0, 0x0000015c8f906780]
Event: 3.416 Thread 0x0000015ca0f58d90 1551       3       java.util.Base64::getMimeDecoder (4 bytes)
Event: 3.416 Thread 0x0000015ca0f58d90 nmethod 1551 0x0000015c8f906890 code [0x0000015c8f906a20, 0x0000015c8f906b18]
Event: 3.416 Thread 0x0000015ca0f58d90 1552       3       java.util.Base64$Decoder::decode (12 bytes)
Event: 3.416 Thread 0x0000015ca0f58d90 nmethod 1552 0x0000015c8f906b90 code [0x0000015c8f906d60, 0x0000015c8f907018]
Event: 3.416 Thread 0x0000015ca0f58d90 1553       3       java.lang.String::encode8859_1 (7 bytes)
Event: 3.416 Thread 0x0000015ca0f58d90 nmethod 1553 0x0000015c8f907190 code [0x0000015c8f907340, 0x0000015c8f907460]
Event: 3.416 Thread 0x0000015ca0f58d90 1554       3       java.util.Base64$Decoder::decode0 (419 bytes)
Event: 3.417 Thread 0x0000015ca0f58d90 nmethod 1554 0x0000015c8f907510 code [0x0000015c8f9078a0, 0x0000015c8f908ec0]
Event: 3.417 Thread 0x0000015ca0f58d90 1555       3       java.util.zip.ZipFile$ZipFileInputStream::initDataOffset (117 bytes)
Event: 3.418 Thread 0x0000015ca0f58d90 nmethod 1555 0x0000015c8f909810 code [0x0000015c8f909a40, 0x0000015c8f90a268]
Event: 3.418 Thread 0x0000015ca0f58d90 1556   !   3       java.util.zip.ZipFile$Source::readAt (39 bytes)
Event: 3.418 Thread 0x0000015ca0f58d90 nmethod 1556 0x0000015c8f90a590 code [0x0000015c8f90a760, 0x0000015c8f90aa80]
Event: 3.422 Thread 0x0000015ca0f58d90 1558       3       java.lang.invoke.MethodHandles$Lookup::checkSymbolicClass (25 bytes)

GC Heap History (2 events):
Event: 2.081 GC heap before
{Heap before GC invocations=1 (full 0):
 PSYoungGen      total 29696K, used 25600K [0x00000000eab00000, 0x00000000ecc00000, 0x0000000100000000)
  eden space 25600K, 100% used [0x00000000eab00000,0x00000000ec400000,0x00000000ec400000)
  from space 4096K, 0% used [0x00000000ec800000,0x00000000ec800000,0x00000000ecc00000)
  to   space 4096K, 0% used [0x00000000ec400000,0x00000000ec400000,0x00000000ec800000)
 ParOldGen       total 68608K, used 0K [0x00000000c0000000, 0x00000000c4300000, 0x00000000eab00000)
  object space 68608K, 0% used [0x00000000c0000000,0x00000000c0000000,0x00000000c4300000)
 Metaspace       used 4357K, committed 4608K, reserved 1114112K
  class space    used 438K, committed 512K, reserved 1048576K
}
Event: 2.131 GC heap after
{Heap after GC invocations=1 (full 0):
 PSYoungGen      total 29696K, used 3222K [0x00000000eab00000, 0x00000000ecc00000, 0x0000000100000000)
  eden space 25600K, 0% used [0x00000000eab00000,0x00000000eab00000,0x00000000ec400000)
  from space 4096K, 78% used [0x00000000ec400000,0x00000000ec725860,0x00000000ec800000)
  to   space 4096K, 0% used [0x00000000ec800000,0x00000000ec800000,0x00000000ecc00000)
 ParOldGen       total 68608K, used 0K [0x00000000c0000000, 0x00000000c4300000, 0x00000000eab00000)
  object space 68608K, 0% used [0x00000000c0000000,0x00000000c0000000,0x00000000c4300000)
 Metaspace       used 4357K, committed 4608K, reserved 1114112K
  class space    used 438K, committed 512K, reserved 1048576K
}

Dll operation events (8 events):
Event: 0.162 Loaded shared library c:\Users\Admin\.vscode\extensions\redhat.java-1.39.0-win32-x64\jre\21.0.5-win32-x86_64\bin\java.dll
Event: 0.265 Loaded shared library c:\Users\Admin\.vscode\extensions\redhat.java-1.39.0-win32-x64\jre\21.0.5-win32-x86_64\bin\zip.dll
Event: 0.463 Loaded shared library C:\Users\Admin\.vscode\extensions\redhat.java-1.39.0-win32-x64\jre\21.0.5-win32-x86_64\bin\instrument.dll
Event: 0.467 Loaded shared library C:\Users\Admin\.vscode\extensions\redhat.java-1.39.0-win32-x64\jre\21.0.5-win32-x86_64\bin\net.dll
Event: 0.468 Loaded shared library C:\Users\Admin\.vscode\extensions\redhat.java-1.39.0-win32-x64\jre\21.0.5-win32-x86_64\bin\nio.dll
Event: 0.471 Loaded shared library C:\Users\Admin\.vscode\extensions\redhat.java-1.39.0-win32-x64\jre\21.0.5-win32-x86_64\bin\zip.dll
Event: 0.525 Loaded shared library C:\Users\Admin\.vscode\extensions\redhat.java-1.39.0-win32-x64\jre\21.0.5-win32-x86_64\bin\jimage.dll
Event: 0.659 Loaded shared library c:\Users\Admin\.vscode\extensions\redhat.java-1.39.0-win32-x64\jre\21.0.5-win32-x86_64\bin\verify.dll

Deoptimization events (20 events):
Event: 3.156 Thread 0x0000015c8ab3f1e0 Uncommon trap: trap_request=0xffffffde fr.pc=0x0000015c971b0714 relative=0x0000000000000574
Event: 3.156 Thread 0x0000015c8ab3f1e0 Uncommon trap: reason=class_check action=maybe_recompile pc=0x0000015c971b0714 method=java.util.Collections$UnmodifiableCollection$1.<init>(Ljava/util/Collections$UnmodifiableCollection;)V @ 17 c2
Event: 3.156 Thread 0x0000015c8ab3f1e0 DEOPT PACKING pc=0x0000015c971b0714 sp=0x0000000f0a9fe6d0
Event: 3.156 Thread 0x0000015c8ab3f1e0 DEOPT UNPACKING pc=0x0000015c96bd6da2 sp=0x0000000f0a9fe618 mode 2
Event: 3.157 Thread 0x0000015c8ab3f1e0 Uncommon trap: trap_request=0xffffffde fr.pc=0x0000015c971b0714 relative=0x0000000000000574
Event: 3.157 Thread 0x0000015c8ab3f1e0 Uncommon trap: reason=class_check action=maybe_recompile pc=0x0000015c971b0714 method=java.util.Collections$UnmodifiableCollection$1.<init>(Ljava/util/Collections$UnmodifiableCollection;)V @ 17 c2
Event: 3.157 Thread 0x0000015c8ab3f1e0 DEOPT PACKING pc=0x0000015c971b0714 sp=0x0000000f0a9fe6d0
Event: 3.157 Thread 0x0000015c8ab3f1e0 DEOPT UNPACKING pc=0x0000015c96bd6da2 sp=0x0000000f0a9fe618 mode 2
Event: 3.369 Thread 0x0000015c8ab3f1e0 Uncommon trap: trap_request=0xffffffc6 fr.pc=0x0000015c971b834c relative=0x00000000000006ac
Event: 3.369 Thread 0x0000015c8ab3f1e0 Uncommon trap: reason=bimorphic_or_optimized_type_check action=maybe_recompile pc=0x0000015c971b834c method=java.util.Collections$UnmodifiableCollection$1.<init>(Ljava/util/Collections$UnmodifiableCollection;)V @ 17 c2
Event: 3.369 Thread 0x0000015c8ab3f1e0 DEOPT PACKING pc=0x0000015c971b834c sp=0x0000000f0a9feb30
Event: 3.369 Thread 0x0000015c8ab3f1e0 DEOPT UNPACKING pc=0x0000015c96bd6da2 sp=0x0000000f0a9fea78 mode 2
Event: 3.382 Thread 0x0000015c8ab3f1e0 Uncommon trap: trap_request=0xffffff45 fr.pc=0x0000015c9719854c relative=0x00000000000000ac
Event: 3.382 Thread 0x0000015c8ab3f1e0 Uncommon trap: reason=unstable_if action=reinterpret pc=0x0000015c9719854c method=java.util.concurrent.locks.ReentrantLock$NonfairSync.initialTryLock()Z @ 10 c2
Event: 3.382 Thread 0x0000015c8ab3f1e0 DEOPT PACKING pc=0x0000015c9719854c sp=0x0000000f0a9fe9d0
Event: 3.382 Thread 0x0000015c8ab3f1e0 DEOPT UNPACKING pc=0x0000015c96bd6da2 sp=0x0000000f0a9fe960 mode 2
Event: 3.383 Thread 0x0000015c8ab3f1e0 Uncommon trap: trap_request=0xffffff45 fr.pc=0x0000015c971b9828 relative=0x00000000000000e8
Event: 3.383 Thread 0x0000015c8ab3f1e0 Uncommon trap: reason=unstable_if action=reinterpret pc=0x0000015c971b9828 method=java.util.concurrent.locks.ReentrantLock$Sync.tryRelease(I)Z @ 26 c2
Event: 3.383 Thread 0x0000015c8ab3f1e0 DEOPT PACKING pc=0x0000015c971b9828 sp=0x0000000f0a9feaf0
Event: 3.383 Thread 0x0000015c8ab3f1e0 DEOPT UNPACKING pc=0x0000015c96bd6da2 sp=0x0000000f0a9fe9b0 mode 2

Classes loaded (20 events):
Event: 3.418 Loading class java/util/concurrent/ThreadPoolExecutor
Event: 3.419 Loading class java/util/concurrent/ThreadPoolExecutor done
Event: 3.419 Loading class java/util/concurrent/ScheduledThreadPoolExecutor done
Event: 3.419 Loading class java/util/concurrent/ThreadPoolExecutor$AbortPolicy
Event: 3.419 Loading class java/util/concurrent/ThreadPoolExecutor$AbortPolicy done
Event: 3.419 Loading class java/util/concurrent/ScheduledThreadPoolExecutor$DelayedWorkQueue
Event: 3.419 Loading class java/util/concurrent/ScheduledThreadPoolExecutor$DelayedWorkQueue done
Event: 3.419 Loading class java/util/concurrent/RunnableScheduledFuture
Event: 3.419 Loading class java/util/concurrent/RunnableFuture
Event: 3.420 Loading class java/util/concurrent/RunnableFuture done
Event: 3.420 Loading class java/util/concurrent/ScheduledFuture
Event: 3.420 Loading class java/util/concurrent/Delayed
Event: 3.420 Loading class java/util/concurrent/Delayed done
Event: 3.420 Loading class java/util/concurrent/ScheduledFuture done
Event: 3.420 Loading class java/util/concurrent/RunnableScheduledFuture done
Event: 3.422 Loading class java/util/concurrent/ScheduledThreadPoolExecutor$ScheduledFutureTask
Event: 3.422 Loading class java/util/concurrent/FutureTask
Event: 3.422 Loading class java/util/concurrent/FutureTask done
Event: 3.422 Loading class java/util/concurrent/ScheduledThreadPoolExecutor$ScheduledFutureTask done
Event: 3.422 Loading class java/util/concurrent/FutureTask$WaitNode

Classes unloaded (0 events):
No events

Classes redefined (0 events):
No events

Internal exceptions (20 events):
Event: 1.909 Thread 0x0000015c8ab3f1e0 Exception <a 'java/lang/NoSuchMethodError'{0x00000000ebe660f0}: 'java.lang.ClassLoader java.lang.ClassLoader.getPlatformClassLoader(java.lang.Class)'> (0x00000000ebe660f0) 
thrown [s\src\hotspot\share\interpreter\linkResolver.cpp, line 773]
Event: 2.012 Thread 0x0000015c8ab3f1e0 Exception <a 'java/lang/ClassNotFoundException'{0x00000000ec265d78}: sun/net/www/protocol/c/Handler> (0x00000000ec265d78) 
thrown [s\src\hotspot\share\classfile\systemDictionary.cpp, line 312]
Event: 2.012 Thread 0x0000015c8ab3f1e0 Exception <a 'java/lang/ClassNotFoundException'{0x00000000ec2670f0}: sun/net/www/protocol/d/Handler> (0x00000000ec2670f0) 
thrown [s\src\hotspot\share\classfile\systemDictionary.cpp, line 312]
Event: 2.012 Thread 0x0000015c8ab3f1e0 Exception <a 'java/lang/ClassNotFoundException'{0x00000000ec2682a8}: sun/net/www/protocol/c/Handler> (0x00000000ec2682a8) 
thrown [s\src\hotspot\share\classfile\systemDictionary.cpp, line 312]
Event: 2.020 Thread 0x0000015c8ab3f1e0 Exception <a 'java/io/FileNotFoundException'{0x00000000ec291248}> (0x00000000ec291248) 
thrown [s\src\hotspot\share\prims\jni.cpp, line 520]
Event: 2.070 Thread 0x0000015c8ab3f1e0 Implicit null exception at 0x0000015c97173fba to 0x0000015c97174254
Event: 2.070 Thread 0x0000015c8ab3f1e0 Implicit null exception at 0x0000015c9717203c to 0x0000015c971722d8
Event: 2.071 Thread 0x0000015c8ab3f1e0 Implicit null exception at 0x0000015c971817bd to 0x0000015c97181841
Event: 2.272 Thread 0x0000015c8ab3f1e0 Exception <a 'java/lang/NoSuchMethodError'{0x00000000eace76e8}: 'long java.lang.invoke.DirectMethodHandle$Holder.invokeStatic(java.lang.Object, java.lang.Object, int)'> (0x00000000eace76e8) 
thrown [s\src\hotspot\share\interpreter\linkResolver.cpp, line 773]
Event: 2.274 Thread 0x0000015c8ab3f1e0 Exception <a 'java/lang/NoSuchMethodError'{0x00000000eacef250}: 'java.lang.Object java.lang.invoke.DirectMethodHandle$Holder.invokeSpecial(java.lang.Object, java.lang.Object, java.lang.Object, java.lang.Object, long)'> (0x00000000eacef250) 
thrown [s\src\hotspot\share\interpreter\linkResolver.cpp, line 773]
Event: 2.275 Thread 0x0000015c8ab3f1e0 Exception <a 'java/lang/NoSuchMethodError'{0x00000000eacfcee0}: 'java.lang.Object java.lang.invoke.DirectMethodHandle$Holder.invokeSpecial(java.lang.Object, java.lang.Object, java.lang.Object, int, java.lang.Object)'> (0x00000000eacfcee0) 
thrown [s\src\hotspot\share\interpreter\linkResolver.cpp, line 773]
Event: 2.277 Thread 0x0000015c8ab3f1e0 Exception <a 'java/lang/NoSuchMethodError'{0x00000000ead168b0}: 'java.lang.Object java.lang.invoke.Invokers$Holder.invokeExact_MT(java.lang.Object, java.lang.Object, java.lang.Object, java.lang.Object, java.lang.Object, java.lang.Object)'> (0x00000000ead168b0) 
thrown [s\src\hotspot\share\interpreter\linkResolver.cpp, line 773]
Event: 2.280 Thread 0x0000015c8ab3f1e0 Exception <a 'java/lang/NoSuchMethodError'{0x00000000ead30028}: 'int java.lang.invoke.DirectMethodHandle$Holder.invokeStaticInit(java.lang.Object, java.lang.Object, java.lang.Object, java.lang.Object)'> (0x00000000ead30028) 
thrown [s\src\hotspot\share\interpreter\linkResolver.cpp, line 773]
Event: 2.282 Thread 0x0000015c8ab3f1e0 Exception <a 'java/lang/NoSuchMethodError'{0x00000000ead38a78}: 'java.lang.Object java.lang.invoke.DirectMethodHandle$Holder.invokeInterface(java.lang.Object, java.lang.Object)'> (0x00000000ead38a78) 
thrown [s\src\hotspot\share\interpreter\linkResolver.cpp, line 773]
Event: 2.282 Thread 0x0000015c8ab3f1e0 Exception <a 'java/lang/IncompatibleClassChangeError'{0x00000000ead3bfb0}: Found class java.lang.Object, but interface was expected> (0x00000000ead3bfb0) 
thrown [s\src\hotspot\share\interpreter\linkResolver.cpp, line 840]
Event: 2.283 Thread 0x0000015c8ab3f1e0 Exception <a 'java/lang/NoSuchMethodError'{0x00000000ead40168}: 'void java.lang.invoke.DirectMethodHandle$Holder.invokeStatic(java.lang.Object, java.lang.Object)'> (0x00000000ead40168) 
thrown [s\src\hotspot\share\interpreter\linkResolver.cpp, line 773]
Event: 2.286 Thread 0x0000015c8ab3f1e0 Exception <a 'java/lang/NoSuchMethodError'{0x00000000ead43510}: 'void java.lang.invoke.DirectMethodHandle$Holder.invokeStaticInit(java.lang.Object, java.lang.Object)'> (0x00000000ead43510) 
thrown [s\src\hotspot\share\interpreter\linkResolver.cpp, line 773]
Event: 2.288 Thread 0x0000015c8ab3f1e0 Exception <a 'java/lang/NoSuchMethodError'{0x00000000ead4a530}: 'int java.lang.invoke.DirectMethodHandle$Holder.invokeStaticInit(java.lang.Object, java.lang.Object)'> (0x00000000ead4a530) 
thrown [s\src\hotspot\share\interpreter\linkResolver.cpp, line 773]
Event: 2.600 Thread 0x0000015c8ab3f1e0 Exception <a 'java/lang/NoSuchMethodError'{0x00000000eaeaa330}: 'void java.lang.invoke.DirectMethodHandle$Holder.invokeSpecial(java.lang.Object, java.lang.Object, java.lang.Object)'> (0x00000000eaeaa330) 
thrown [s\src\hotspot\share\interpreter\linkResolver.cpp, line 773]
Event: 3.325 Thread 0x0000015c8ab3f1e0 Exception <a 'java/lang/NoSuchMethodError'{0x00000000eb8a94d0}: 'int java.lang.invoke.DirectMethodHandle$Holder.invokeVirtual(java.lang.Object, java.lang.Object)'> (0x00000000eb8a94d0) 
thrown [s\src\hotspot\share\interpreter\linkResolver.cpp, line 773]

ZGC Phase Switch (0 events):
No events

VM Operations (16 events):
Event: 0.401 Executing VM operation: HandshakeAllThreads (Deoptimize)
Event: 0.401 Executing VM operation: HandshakeAllThreads (Deoptimize) done
Event: 0.543 Executing VM operation: HandshakeAllThreads (Deoptimize)
Event: 0.543 Executing VM operation: HandshakeAllThreads (Deoptimize) done
Event: 1.407 Executing VM operation: HandshakeAllThreads (Deoptimize)
Event: 1.407 Executing VM operation: HandshakeAllThreads (Deoptimize) done
Event: 1.407 Executing VM operation: Cleanup
Event: 1.407 Executing VM operation: Cleanup done
Event: 1.522 Executing VM operation: HandshakeAllThreads (Deoptimize)
Event: 1.522 Executing VM operation: HandshakeAllThreads (Deoptimize) done
Event: 1.956 Executing VM operation: HandshakeAllThreads (Deoptimize)
Event: 1.956 Executing VM operation: HandshakeAllThreads (Deoptimize) done
Event: 2.081 Executing VM operation: ParallelGCFailedAllocation (Allocation Failure)
Event: 2.131 Executing VM operation: ParallelGCFailedAllocation (Allocation Failure) done
Event: 3.137 Executing VM operation: Cleanup
Event: 3.152 Executing VM operation: Cleanup done

Memory protections (0 events):
No events

Nmethod flushes (0 events):
No events

Events (11 events):
Event: 0.209 Thread 0x0000015c8ab3f1e0 Thread added: 0x0000015c8ab3f1e0
Event: 0.270 Thread 0x0000015c8ab3f1e0 Thread added: 0x0000015ca0eda9d0
Event: 0.270 Thread 0x0000015c8ab3f1e0 Thread added: 0x0000015ca0edbf70
Event: 0.271 Thread 0x0000015c8ab3f1e0 Thread added: 0x0000015ca0ededf0
Event: 0.271 Thread 0x0000015c8ab3f1e0 Thread added: 0x0000015ca0edfb30
Event: 0.271 Thread 0x0000015c8ab3f1e0 Thread added: 0x0000015ca0ee0f70
Event: 0.271 Thread 0x0000015c8ab3f1e0 Thread added: 0x0000015ca0ee18c0
Event: 0.271 Thread 0x0000015c8ab3f1e0 Thread added: 0x0000015ca0ee4740
Event: 0.298 Thread 0x0000015c8ab3f1e0 Thread added: 0x0000015ca0f58d90
Event: 0.353 Thread 0x0000015c8ab3f1e0 Thread added: 0x0000015ce70305a0
Event: 1.067 Thread 0x0000015c8ab3f1e0 Thread added: 0x0000015ce7284cc0


Dynamic libraries:
0x00007ff70afc0000 - 0x00007ff70afce000 	c:\Users\Admin\.vscode\extensions\redhat.java-1.39.0-win32-x64\jre\21.0.5-win32-x86_64\bin\java.exe
0x00007ffb10d30000 - 0x00007ffb10f47000 	C:\WINDOWS\SYSTEM32\ntdll.dll
0x00007ffb0f8e0000 - 0x00007ffb0f9a4000 	C:\WINDOWS\System32\KERNEL32.DLL
0x00007ffb0e260000 - 0x00007ffb0e630000 	C:\WINDOWS\System32\KERNELBASE.dll
0x00007ffb0e090000 - 0x00007ffb0e1a1000 	C:\WINDOWS\System32\ucrtbase.dll
0x00007ffacc540000 - 0x00007ffacc558000 	c:\Users\Admin\.vscode\extensions\redhat.java-1.39.0-win32-x64\jre\21.0.5-win32-x86_64\bin\jli.dll
0x00007ffb10950000 - 0x00007ffb10afe000 	C:\WINDOWS\System32\USER32.dll
0x00007ffb0dfe0000 - 0x00007ffb0e006000 	C:\WINDOWS\System32\win32u.dll
0x00007ffb10bb0000 - 0x00007ffb10bd9000 	C:\WINDOWS\System32\GDI32.dll
0x00007ffb0e630000 - 0x00007ffb0e74b000 	C:\WINDOWS\System32\gdi32full.dll
0x00007ffb0e750000 - 0x00007ffb0e7ea000 	C:\WINDOWS\System32\msvcp_win.dll
0x00007ffacc150000 - 0x00007ffacc16e000 	c:\Users\Admin\.vscode\extensions\redhat.java-1.39.0-win32-x64\jre\21.0.5-win32-x86_64\bin\VCRUNTIME140.dll
0x00007ffaf6aa0000 - 0x00007ffaf6d32000 	C:\WINDOWS\WinSxS\amd64_microsoft.windows.common-controls_6595b64144ccf1df_6.0.22621.4830_none_270fe7d773858e80\COMCTL32.dll
0x00007ffb0eb90000 - 0x00007ffb0ec37000 	C:\WINDOWS\System32\msvcrt.dll
0x00007ffb0ec40000 - 0x00007ffb0ec71000 	C:\WINDOWS\System32\IMM32.DLL
0x00007ffaffee0000 - 0x00007ffaffeec000 	c:\Users\Admin\.vscode\extensions\redhat.java-1.39.0-win32-x64\jre\21.0.5-win32-x86_64\bin\vcruntime140_1.dll
0x00007ffab5ee0000 - 0x00007ffab5f6d000 	c:\Users\Admin\.vscode\extensions\redhat.java-1.39.0-win32-x64\jre\21.0.5-win32-x86_64\bin\msvcp140.dll
0x00007ffab4950000 - 0x00007ffab56df000 	c:\Users\Admin\.vscode\extensions\redhat.java-1.39.0-win32-x64\jre\21.0.5-win32-x86_64\bin\server\jvm.dll
0x00007ffb0ff90000 - 0x00007ffb10041000 	C:\WINDOWS\System32\ADVAPI32.dll
0x00007ffb10b00000 - 0x00007ffb10ba7000 	C:\WINDOWS\System32\sechost.dll
0x00007ffb0e1b0000 - 0x00007ffb0e1d8000 	C:\WINDOWS\System32\bcrypt.dll
0x00007ffb102a0000 - 0x00007ffb103b4000 	C:\WINDOWS\System32\RPCRT4.dll
0x00007ffb10050000 - 0x00007ffb100c1000 	C:\WINDOWS\System32\WS2_32.dll
0x00007ffb0de00000 - 0x00007ffb0de4d000 	C:\WINDOWS\SYSTEM32\POWRPROF.dll
0x00007ffb03e40000 - 0x00007ffb03e74000 	C:\WINDOWS\SYSTEM32\WINMM.dll
0x00007ffb01f70000 - 0x00007ffb01f7a000 	C:\WINDOWS\SYSTEM32\VERSION.dll
0x00007ffb0dde0000 - 0x00007ffb0ddf3000 	C:\WINDOWS\SYSTEM32\UMPDC.dll
0x00007ffb0d020000 - 0x00007ffb0d038000 	C:\WINDOWS\SYSTEM32\kernel.appcore.dll
0x00007ffaff720000 - 0x00007ffaff72a000 	c:\Users\Admin\.vscode\extensions\redhat.java-1.39.0-win32-x64\jre\21.0.5-win32-x86_64\bin\jimage.dll
0x00007ffb0bad0000 - 0x00007ffb0bd02000 	C:\WINDOWS\SYSTEM32\DBGHELP.DLL
0x00007ffb0fc00000 - 0x00007ffb0ff90000 	C:\WINDOWS\System32\combase.dll
0x00007ffb0f9b0000 - 0x00007ffb0fa87000 	C:\WINDOWS\System32\OLEAUT32.dll
0x00007ffaee990000 - 0x00007ffaee9c2000 	C:\WINDOWS\SYSTEM32\dbgcore.DLL
0x00007ffb0e010000 - 0x00007ffb0e08b000 	C:\WINDOWS\System32\bcryptPrimitives.dll
0x00007ffaf8b30000 - 0x00007ffaf8b3f000 	c:\Users\Admin\.vscode\extensions\redhat.java-1.39.0-win32-x64\jre\21.0.5-win32-x86_64\bin\instrument.dll
0x00007ffaca5a0000 - 0x00007ffaca5bf000 	c:\Users\Admin\.vscode\extensions\redhat.java-1.39.0-win32-x64\jre\21.0.5-win32-x86_64\bin\java.dll
0x00007ffb0ecf0000 - 0x00007ffb0f568000 	C:\WINDOWS\System32\SHELL32.dll
0x00007ffb0bf30000 - 0x00007ffb0c840000 	C:\WINDOWS\SYSTEM32\windows.storage.dll
0x00007ffb0bd10000 - 0x00007ffb0be4f000 	C:\WINDOWS\SYSTEM32\wintypes.dll
0x00007ffb0fa90000 - 0x00007ffb0fb9a000 	C:\WINDOWS\System32\SHCORE.dll
0x00007ffb103e0000 - 0x00007ffb1043e000 	C:\WINDOWS\System32\shlwapi.dll
0x00007ffb0df10000 - 0x00007ffb0df3b000 	C:\WINDOWS\SYSTEM32\profapi.dll
0x00007fface910000 - 0x00007fface928000 	c:\Users\Admin\.vscode\extensions\redhat.java-1.39.0-win32-x64\jre\21.0.5-win32-x86_64\bin\zip.dll
0x00007ffaf85a0000 - 0x00007ffaf85b0000 	C:\Users\Admin\.vscode\extensions\redhat.java-1.39.0-win32-x64\jre\21.0.5-win32-x86_64\bin\net.dll
0x00007ffb06050000 - 0x00007ffb0617c000 	C:\WINDOWS\SYSTEM32\WINHTTP.dll
0x00007ffb0d4a0000 - 0x00007ffb0d50a000 	C:\WINDOWS\system32\mswsock.dll
0x00007ffacc560000 - 0x00007ffacc576000 	C:\Users\Admin\.vscode\extensions\redhat.java-1.39.0-win32-x64\jre\21.0.5-win32-x86_64\bin\nio.dll
0x00007ffaf84e0000 - 0x00007ffaf84f0000 	c:\Users\Admin\.vscode\extensions\redhat.java-1.39.0-win32-x64\jre\21.0.5-win32-x86_64\bin\verify.dll

dbghelp: loaded successfully - version: 4.0.5 - missing functions: none
symbol engine: initialized successfully - sym options: 0x614 - pdb path: .;c:\Users\Admin\.vscode\extensions\redhat.java-1.39.0-win32-x64\jre\21.0.5-win32-x86_64\bin;C:\WINDOWS\SYSTEM32;C:\WINDOWS\WinSxS\amd64_microsoft.windows.common-controls_6595b64144ccf1df_6.0.22621.4830_none_270fe7d773858e80;c:\Users\Admin\.vscode\extensions\redhat.java-1.39.0-win32-x64\jre\21.0.5-win32-x86_64\bin\server

VM Arguments:
jvm_args: --add-modules=ALL-SYSTEM --add-opens=java.base/java.util=ALL-UNNAMED --add-opens=java.base/java.lang=ALL-UNNAMED --add-opens=java.base/sun.nio.fs=ALL-UNNAMED -Declipse.application=org.eclipse.jdt.ls.core.id1 -Dosgi.bundles.defaultStartLevel=4 -Declipse.product=org.eclipse.jdt.ls.core.product -Djava.import.generatesMetadataFilesAtProjectRoot=false -DDetectVMInstallationsJob.disabled=true -Dfile.encoding=utf8 -XX:+UseParallelGC -XX:GCTimeRatio=4 -XX:AdaptiveSizePolicyWeight=90 -Dsun.zip.disableMemoryMapping=true -Xmx1G -Xms100m -Xlog:disable -javaagent:c:\Users\Admin\.vscode\extensions\redhat.java-1.39.0-win32-x64\lombok\lombok-1.18.34.jar -XX:+HeapDumpOnOutOfMemoryError -XX:HeapDumpPath=c:\Users\Admin\AppData\Roaming\Code\User\workspaceStorage\9a498522267c49f11542598aa7f88442\redhat.java -Daether.dependencyCollector.impl=bf 
java_command: c:\Users\Admin\.vscode\extensions\redhat.java-1.39.0-win32-x64\server\plugins\org.eclipse.equinox.launcher_1.6.900.v20240613-2009.jar -configuration c:\Users\Admin\AppData\Roaming\Code\User\globalStorage\redhat.java\1.39.0\config_win -data c:\Users\Admin\AppData\Roaming\Code\User\workspaceStorage\9a498522267c49f11542598aa7f88442\redhat.java\jdt_ws --pipe=\\.\pipe\lsp-ed840f0a0f2be5cb1d2a5c7ce4f6c376-sock
java_class_path (initial): c:\Users\Admin\.vscode\extensions\redhat.java-1.39.0-win32-x64\server\plugins\org.eclipse.equinox.launcher_1.6.900.v20240613-2009.jar
Launcher Type: SUN_STANDARD

[Global flags]
    uintx AdaptiveSizePolicyWeight                 = 90                                        {product} {command line}
     intx CICompilerCount                          = 3                                         {product} {ergonomic}
    uintx GCTimeRatio                              = 4                                         {product} {command line}
     bool HeapDumpOnOutOfMemoryError               = true                                   {manageable} {command line}
    ccstr HeapDumpPath                             = c:\Users\Admin\AppData\Roaming\Code\User\workspaceStorage\9a498522267c49f11542598aa7f88442\redhat.java         {manageable} {command line}
   size_t InitialHeapSize                          = 104857600                                 {product} {command line}
   size_t MaxHeapSize                              = 1073741824                                {product} {command line}
   size_t MaxNewSize                               = 357564416                                 {product} {ergonomic}
   size_t MinHeapDeltaBytes                        = 524288                                    {product} {ergonomic}
   size_t MinHeapSize                              = 104857600                                 {product} {command line}
   size_t NewSize                                  = 34603008                                  {product} {ergonomic}
    uintx NonNMethodCodeHeapSize                   = 5832780                                {pd product} {ergonomic}
    uintx NonProfiledCodeHeapSize                  = 122912730                              {pd product} {ergonomic}
   size_t OldSize                                  = 70254592                                  {product} {ergonomic}
    uintx ProfiledCodeHeapSize                     = 122912730                              {pd product} {ergonomic}
    uintx ReservedCodeCacheSize                    = 251658240                              {pd product} {ergonomic}
     bool SegmentedCodeCache                       = true                                      {product} {ergonomic}
   size_t SoftMaxHeapSize                          = 1073741824                             {manageable} {ergonomic}
     bool UseCompressedOops                        = true                           {product lp64_product} {ergonomic}
     bool UseLargePagesIndividualAllocation        = false                                  {pd product} {ergonomic}
     bool UseParallelGC                            = true                                      {product} {command line}

Logging:
Log output configuration:
 #0: stdout all=off uptime,level,tags foldmultilines=false
 #1: stderr all=off uptime,level,tags foldmultilines=false

Environment Variables:
PATH=C:\Program Files\Common Files\Oracle\Java\javapath;C:\WINDOWS\system32;C:\WINDOWS;C:\WINDOWS\System32\Wbem;C:\WINDOWS\System32\WindowsPowerShell\v1.0\;C:\WINDOWS\System32\OpenSSH\;C:\Program Files\Microsoft SQL Server\Client SDK\ODBC\170\Tools\Binn\;C:\Program Files\Azure Data Studio\bin;C:\Program Files\nodejs\;C:\Program Files\Git\cmd;C:\Program Files\dotnet\;C:\Program Files (x86)\Microsoft SQL Server\160\Tools\Binn\;C:\Program Files\Microsoft SQL Server\160\Tools\Binn\;C:\Program Files\Microsoft SQL Server\160\DTS\Binn\;C:\Program Files (x86)\Microsoft SQL Server\160\DTS\Binn\;C:\Program Files\Microsoft SQL Server\150\Tools\Binn\;C:\Users\Admin\AppData\Local\Programs\Python\Python310\Scripts\;C:\Users\Admin\AppData\Local\Programs\Python\Python310\;C:\Program Files\MySQL\MySQL Shell 8.0\bin\;C:\Users\Admin\AppData\Local\Microsoft\WindowsApps;;C:\Program Files\JetBrains\IntelliJ IDEA Community Edition 2024.2.0.2\bin;;C:\Program Files\Azure Data Studio\bin;C:\Users\Admin\AppData\Local\Programs\Microsoft VS Code\bin;C:\Users\Admin\AppData\Roaming\npm;D:\IntelliJ IDEA 2024.2.0.2\bin;;C:\Users\Admin\.dotnet\tools
USERNAME=Admin
OS=Windows_NT
PROCESSOR_IDENTIFIER=Intel64 Family 6 Model 140 Stepping 1, GenuineIntel
TMP=C:\Users\Admin\AppData\Local\Temp
TEMP=C:\Users\Admin\AppData\Local\Temp




Periodic native trim disabled

---------------  S Y S T E M  ---------------

OS:
 Windows 11 , 64 bit Build 22621 (10.0.22621.4830)
OS uptime: 10 days 5:15 hours

CPU: total 4 (initial active 4) (2 cores per cpu, 2 threads per core) family 6 model 140 stepping 1 microcode 0xa6, cx8, cmov, fxsr, ht, mmx, 3dnowpref, sse, sse2, sse3, ssse3, sse4.1, sse4.2, popcnt, lzcnt, tsc, tscinvbit, avx, avx2, aes, erms, clmul, bmi1, bmi2, adx, avx512f, avx512dq, avx512cd, avx512bw, avx512vl, sha, fma, vzeroupper, avx512_vpopcntdq, avx512_vpclmulqdq, avx512_vaes, avx512_vnni, clflush, clflushopt, clwb, avx512_vbmi2, avx512_vbmi, rdtscp, rdpid, fsrm, gfni, avx512_bitalg, f16c, pku, cet_ibt, cet_ss, avx512_ifma
Processor Information for all 4 processors :
  Max Mhz: 2995, Current Mhz: 2995, Mhz Limit: 2995

Memory: 4k page, system-wide physical 7886M (153M free)
TotalPageFile size 25674M (AvailPageFile size 26M)
current process WorkingSet (physical memory assigned to process): 84M, peak: 84M
current process commit charge ("private bytes"): 190M, peak: 190M

vm_info: OpenJDK 64-Bit Server VM (21.0.5+11-LTS) for windows-amd64 JRE (21.0.5+11-LTS), built on 2024-10-15T00:00:00Z by "admin" with MS VC++ 17.7 (VS2022)

END.
